22:32:02.869 [TestNG-tests-3] TRACE io.netty.channel.nio.NioEventLoop - instrumented a special java.util.Set into: sun.nio.ch.WEPollSelectorImpl@9755e20
22:32:02.875 [TestNG-tests-3] TRACE io.netty.channel.nio.NioEventLoop - instrumented a special java.util.Set into: sun.nio.ch.WEPollSelectorImpl@43414867
22:32:02.878 [TestNG-tests-3] TRACE io.netty.channel.nio.NioEventLoop - instrumented a special java.util.Set into: sun.nio.ch.WEPollSelectorImpl@53a89a03
22:32:02.880 [TestNG-tests-3] TRACE io.netty.channel.nio.NioEventLoop - instrumented a special java.util.Set into: sun.nio.ch.WEPollSelectorImpl@435b6516
22:32:02.883 [TestNG-tests-3] TRACE io.netty.channel.nio.NioEventLoop - instrumented a special java.util.Set into: sun.nio.ch.WEPollSelectorImpl@60fcb703
22:32:02.886 [TestNG-tests-3] TRACE io.netty.channel.nio.NioEventLoop - instrumented a special java.util.Set into: sun.nio.ch.WEPollSelectorImpl@2937c90b
22:32:02.888 [TestNG-tests-3] TRACE io.netty.channel.nio.NioEventLoop - instrumented a special java.util.Set into: sun.nio.ch.WEPollSelectorImpl@3e5826ac
22:32:02.891 [TestNG-tests-3] TRACE io.netty.channel.nio.NioEventLoop - instrumented a special java.util.Set into: sun.nio.ch.WEPollSelectorImpl@26b397a4
22:32:02.894 [TestNG-tests-3] TRACE io.netty.channel.nio.NioEventLoop - instrumented a special java.util.Set into: sun.nio.ch.WEPollSelectorImpl@237278de
22:32:02.896 [TestNG-tests-3] TRACE io.netty.channel.nio.NioEventLoop - instrumented a special java.util.Set into: sun.nio.ch.WEPollSelectorImpl@341a822a
22:32:02.899 [TestNG-tests-3] TRACE io.netty.channel.nio.NioEventLoop - instrumented a special java.util.Set into: sun.nio.ch.WEPollSelectorImpl@4b08bf43
22:32:02.902 [TestNG-tests-3] TRACE io.netty.channel.nio.NioEventLoop - instrumented a special java.util.Set into: sun.nio.ch.WEPollSelectorImpl@71bc1f31
22:32:02.905 [TestNG-tests-3] TRACE io.netty.channel.nio.NioEventLoop - instrumented a special java.util.Set into: sun.nio.ch.WEPollSelectorImpl@41382d50
22:32:02.907 [TestNG-tests-3] TRACE io.netty.channel.nio.NioEventLoop - instrumented a special java.util.Set into: sun.nio.ch.WEPollSelectorImpl@2153fc8f
22:32:02.910 [TestNG-tests-3] TRACE io.netty.channel.nio.NioEventLoop - instrumented a special java.util.Set into: sun.nio.ch.WEPollSelectorImpl@2f2fad41
22:32:02.913 [TestNG-tests-3] TRACE io.netty.channel.nio.NioEventLoop - instrumented a special java.util.Set into: sun.nio.ch.WEPollSelectorImpl@3efb6a02
22:32:02.916 [TestNG-tests-3] TRACE io.netty.channel.nio.NioEventLoop - instrumented a special java.util.Set into: sun.nio.ch.WEPollSelectorImpl@3e299220
22:32:02.939 [TestNG-tests-3] DEBUG io.netty.buffer.PooledByteBufAllocator - -Dio.netty.allocator.numHeapArenas: 24
22:32:02.939 [TestNG-tests-3] DEBUG io.netty.buffer.PooledByteBufAllocator - -Dio.netty.allocator.numDirectArenas: 24
22:32:02.939 [TestNG-tests-3] DEBUG io.netty.buffer.PooledByteBufAllocator - -Dio.netty.allocator.pageSize: 8192
22:32:02.939 [TestNG-tests-3] DEBUG io.netty.buffer.PooledByteBufAllocator - -Dio.netty.allocator.maxOrder: 9
22:32:02.939 [TestNG-tests-3] DEBUG io.netty.buffer.PooledByteBufAllocator - -Dio.netty.allocator.chunkSize: 4194304
22:32:02.939 [TestNG-tests-3] DEBUG io.netty.buffer.PooledByteBufAllocator - -Dio.netty.allocator.smallCacheSize: 256
22:32:02.939 [TestNG-tests-3] DEBUG io.netty.buffer.PooledByteBufAllocator - -Dio.netty.allocator.normalCacheSize: 64
22:32:02.939 [TestNG-tests-3] DEBUG io.netty.buffer.PooledByteBufAllocator - -Dio.netty.allocator.maxCachedBufferCapacity: 32768
22:32:02.939 [TestNG-tests-3] DEBUG io.netty.buffer.PooledByteBufAllocator - -Dio.netty.allocator.cacheTrimInterval: 8192
22:32:02.939 [TestNG-tests-3] DEBUG io.netty.buffer.PooledByteBufAllocator - -Dio.netty.allocator.cacheTrimIntervalMillis: 0
22:32:02.939 [TestNG-tests-3] DEBUG io.netty.buffer.PooledByteBufAllocator - -Dio.netty.allocator.useCacheForAllThreads: false
22:32:02.939 [TestNG-tests-3] DEBUG io.netty.buffer.PooledByteBufAllocator - -Dio.netty.allocator.maxCachedByteBuffersPerChunk: 1023
22:32:02.954 [TestNG-tests-3] DEBUG io.netty.buffer.ByteBufUtil - -Dio.netty.allocator.type: pooled
22:32:02.954 [TestNG-tests-3] DEBUG io.netty.buffer.ByteBufUtil - -Dio.netty.threadLocalDirectBufferSize: 0
22:32:02.954 [TestNG-tests-3] DEBUG io.netty.buffer.ByteBufUtil - -Dio.netty.maxThreadLocalCharBufferSize: 16384
22:32:03.310 [Forwarding newSession on session null to remote] DEBUG io.netty.channel.DefaultChannelId - -Dio.netty.processId: 4688 (auto-detected)
22:32:03.314 [Forwarding newSession on session null to remote] DEBUG io.netty.util.NetUtil - -Djava.net.preferIPv4Stack: false
22:32:03.314 [Forwarding newSession on session null to remote] DEBUG io.netty.util.NetUtil - -Djava.net.preferIPv6Addresses: false
22:32:03.325 [Forwarding newSession on session null to remote] DEBUG io.netty.util.NetUtilInitializations - Loopback interface: lo (Software Loopback Interface 1, 127.0.0.1)
22:32:03.326 [Forwarding newSession on session null to remote] DEBUG io.netty.util.NetUtil - Failed to get SOMAXCONN from sysctl and file \proc\sys\net\core\somaxconn. Default: 200
22:32:03.359 [Forwarding newSession on session null to remote] DEBUG io.netty.channel.DefaultChannelId - -Dio.netty.machineId: c8:94:02:ff:fe:a7:c6:7d (auto-detected)
22:32:03.412 [AsyncHttpClient-1-2] DEBUG io.netty.buffer.AbstractByteBuf - -Dio.netty.buffer.checkAccessible: true
22:32:03.412 [AsyncHttpClient-1-2] DEBUG io.netty.buffer.AbstractByteBuf - -Dio.netty.buffer.checkBounds: true
22:32:03.412 [AsyncHttpClient-1-2] DEBUG io.netty.util.ResourceLeakDetectorFactory - Loaded default ResourceLeakDetector: io.netty.util.ResourceLeakDetector@2bd50619
22:32:03.440 [AsyncHttpClient-1-4] DEBUG io.netty.util.Recycler - -Dio.netty.recycler.maxCapacityPerThread: 4096
22:32:03.441 [AsyncHttpClient-1-4] DEBUG io.netty.util.Recycler - -Dio.netty.recycler.ratio: 8
22:32:03.441 [AsyncHttpClient-1-4] DEBUG io.netty.util.Recycler - -Dio.netty.recycler.chunkSize: 32
22:32:03.441 [AsyncHttpClient-1-4] DEBUG io.netty.util.Recycler - -Dio.netty.recycler.blocking: false
22:32:04.502 [AsyncHttpClient-1-2] DEBUG io.netty.handler.codec.compression.Brotli - brotli4j not in the classpath; Brotli support will be unavailable.
22:32:04.696 [TestNG-tests-1] DEBUG io.netty.util.internal.ThreadLocalRandom - -Dio.netty.initialSeedUniquifier: 0x4e29d18314ac64d2
22:32:04.913 [TestNG-tests-3] DEBUG login.LoginWithMultipleData_usingDataProviderTest - Browder got lauched
22:32:08.780 [TestNG-tests-3] DEBUG login.LoginWithMultipleData_usingDataProviderTest - Landed to Home Page
22:32:08.871 [TestNG-tests-3] DEBUG login.LoginWithMultipleData_usingDataProviderTest - Click on  my account dropdown menu
22:32:09.242 [TestNG-tests-3] DEBUG login.LoginWithMultipleData_usingDataProviderTest - Click on login
22:32:09.314 [TestNG-tests-3] DEBUG login.LoginWithMultipleData_usingDataProviderTest - Landed to login page
22:32:09.995 [TestNG-tests-3] DEBUG login.LoginWithMultipleData_usingDataProviderTest - Click on login button
22:32:10.059 [TestNG-tests-3] INFO  login.LoginWithMultipleData_usingDataProviderTest - Sucessfully login
22:32:10.099 [AsyncHttpClient-1-8] TRACE io.netty.handler.codec.http.websocketx.WebSocket08FrameEncoder - Encoding WebSocket Frame opCode=8 length=26
22:32:11.064 [TestNG-tests-3] DEBUG login.LoginWithMultipleData_usingDataProviderTest - Browder got lauched
22:32:12.160 [TestNG-tests-3] DEBUG login.LoginWithMultipleData_usingDataProviderTest - Landed to Home Page
22:32:12.213 [TestNG-tests-3] DEBUG login.LoginWithMultipleData_usingDataProviderTest - Click on  my account dropdown menu
22:32:12.463 [TestNG-tests-3] DEBUG login.LoginWithMultipleData_usingDataProviderTest - Click on login
22:32:12.533 [TestNG-tests-3] DEBUG login.LoginWithMultipleData_usingDataProviderTest - Landed to login page
22:32:13.169 [TestNG-tests-3] DEBUG login.LoginWithMultipleData_usingDataProviderTest - Click on login button
22:32:13.217 [TestNG-tests-3] INFO  login.LoginWithMultipleData_usingDataProviderTest - Sucessfully login
22:32:13.233 [AsyncHttpClient-1-13] TRACE io.netty.handler.codec.http.websocketx.WebSocket08FrameEncoder - Encoding WebSocket Frame opCode=8 length=26
22:32:14.283 [TestNG-tests-3] DEBUG login.LoginWithMultipleData_usingDataProviderTest - Browder got lauched
22:32:17.272 [TestNG-tests-3] DEBUG login.LoginWithMultipleData_usingDataProviderTest - Landed to Home Page
22:32:17.320 [TestNG-tests-3] DEBUG login.LoginWithMultipleData_usingDataProviderTest - Click on  my account dropdown menu
22:32:17.647 [TestNG-tests-3] DEBUG login.LoginWithMultipleData_usingDataProviderTest - Click on login
22:32:17.687 [TestNG-tests-3] DEBUG login.LoginWithMultipleData_usingDataProviderTest - Landed to login page
22:32:19.098 [TestNG-tests-3] DEBUG login.LoginWithMultipleData_usingDataProviderTest - Click on login button
22:32:19.138 [TestNG-tests-3] INFO  login.LoginWithMultipleData_usingDataProviderTest - Sucessfully login
22:32:19.162 [AsyncHttpClient-1-16] TRACE io.netty.handler.codec.http.websocketx.WebSocket08FrameEncoder - Encoding WebSocket Frame opCode=8 length=26
22:32:20.178 [TestNG-tests-3] DEBUG login.LoginWithMultipleData_usingDataProviderTest - Browder got lauched
22:32:23.220 [TestNG-tests-3] DEBUG login.LoginWithMultipleData_usingDataProviderTest - Landed to Home Page
22:32:23.273 [TestNG-tests-3] DEBUG login.LoginWithMultipleData_usingDataProviderTest - Click on  my account dropdown menu
22:32:23.537 [TestNG-tests-3] DEBUG login.LoginWithMultipleData_usingDataProviderTest - Click on login
22:32:23.577 [TestNG-tests-3] DEBUG login.LoginWithMultipleData_usingDataProviderTest - Landed to login page
22:32:24.107 [TestNG-tests-3] DEBUG login.LoginWithMultipleData_usingDataProviderTest - Click on login button
22:32:24.147 [TestNG-tests-3] INFO  login.LoginWithMultipleData_usingDataProviderTest - Sucessfully login
22:32:24.171 [AsyncHttpClient-1-19] TRACE io.netty.handler.codec.http.websocketx.WebSocket08FrameEncoder - Encoding WebSocket Frame opCode=8 length=26
